TN:
SF:src/data-source.ts
FNF:0
FNH:0
DA:1,1
DA:2,1
DA:3,1
DA:4,1
DA:5,1
DA:6,1
DA:7,1
DA:8,1
DA:9,1
DA:12,1
LF:10
LH:10
BRDA:15,0,0,1
BRDA:15,0,1,0
BRF:2
BRH:1
end_of_record
TN:
SF:src/controllers/cart.controller.ts
FN:7,(anonymous_7)
FN:7,(anonymous_8)
FN:17,(anonymous_9)
FN:17,(anonymous_10)
FN:28,(anonymous_11)
FN:28,(anonymous_12)
FNF:6
FNH:6
FNDA:2,(anonymous_7)
FNDA:2,(anonymous_8)
FNDA:2,(anonymous_9)
FNDA:2,(anonymous_10)
FNDA:2,(anonymous_11)
FNDA:2,(anonymous_12)
DA:3,1
DA:5,1
DA:7,2
DA:8,2
DA:9,2
DA:10,1
DA:12,1
DA:17,2
DA:18,2
DA:19,2
DA:20,2
DA:21,2
DA:22,1
DA:24,1
DA:28,2
DA:29,2
DA:30,2
DA:31,2
DA:32,1
DA:34,1
LF:20
LH:20
BRF:0
BRH:0
end_of_record
TN:
SF:src/entities/Book.ts
FN:7,(anonymous_2)
FN:34,(anonymous_3)
FN:34,(anonymous_4)
FN:37,(anonymous_5)
FN:37,(anonymous_6)
FNF:5
FNH:0
FNDA:0,(anonymous_2)
FNDA:0,(anonymous_3)
FNDA:0,(anonymous_4)
FNDA:0,(anonymous_5)
FNDA:0,(anonymous_6)
DA:1,1
DA:2,1
DA:3,1
DA:6,1
DA:8,0
DA:11,1
DA:14,1
DA:17,1
DA:20,1
DA:23,1
DA:26,1
DA:29,1
DA:32,1
DA:34,0
DA:35,1
DA:37,0
DA:38,1
LF:17
LH:14
BRF:0
BRH:0
end_of_record
TN:
SF:src/entities/Cart.ts
FNF:0
FNH:0
DA:2,1
DA:7,1
DA:9,1
DA:12,1
DA:15,1
DA:18,1
DA:21,1
DA:24,1
LF:8
LH:8
BRF:0
BRH:0
end_of_record
TN:
SF:src/entities/Purchase.ts
FN:17,(anonymous_2)
FN:17,(anonymous_3)
FN:20,(anonymous_4)
FN:20,(anonymous_5)
FNF:4
FNH:0
FNDA:0,(anonymous_2)
FNDA:0,(anonymous_3)
FNDA:0,(anonymous_4)
FNDA:0,(anonymous_5)
DA:2,1
DA:9,1
DA:10,1
DA:13,1
DA:15,1
DA:17,0
DA:18,1
DA:20,0
DA:21,1
DA:24,1
DA:27,1
DA:30,1
DA:33,1
DA:36,1
LF:14
LH:12
BRF:0
BRH:0
end_of_record
TN:
SF:src/entities/Review.ts
FNF:0
FNH:0
DA:1,1
DA:15,1
DA:17,1
DA:20,1
DA:23,1
DA:26,1
DA:29,1
DA:32,1
DA:35,1
DA:38,1
DA:41,1
LF:11
LH:11
BRF:0
BRH:0
end_of_record
TN:
SF:src/entities/User.ts
FN:27,(anonymous_2)
FN:27,(anonymous_3)
FN:30,(anonymous_4)
FN:30,(anonymous_5)
FNF:4
FNH:0
FNDA:0,(anonymous_2)
FNDA:0,(anonymous_3)
FNDA:0,(anonymous_4)
FNDA:0,(anonymous_5)
DA:1,1
DA:2,1
DA:3,1
DA:4,1
DA:9,1
DA:11,1
DA:15,1
DA:19,1
DA:22,1
DA:25,1
DA:27,0
DA:28,1
DA:30,0
DA:31,1
LF:14
LH:12
BRF:0
BRH:0
end_of_record
TN:
SF:src/services/cart.service.ts
FN:12,(anonymous_7)
FN:12,(anonymous_8)
FN:28,(anonymous_9)
FN:28,(anonymous_10)
FN:37,(anonymous_11)
FN:37,(anonymous_12)
FNF:6
FNH:0
FNDA:0,(anonymous_7)
FNDA:0,(anonymous_8)
FNDA:0,(anonymous_9)
FNDA:0,(anonymous_10)
FNDA:0,(anonymous_11)
FNDA:0,(anonymous_12)
DA:2,1
DA:3,1
DA:4,1
DA:5,1
DA:7,1
DA:8,1
DA:9,1
DA:11,1
DA:12,0
DA:16,0
DA:18,0
DA:19,0
DA:20,0
DA:21,0
DA:22,0
DA:23,0
DA:25,0
DA:28,0
DA:29,0
DA:32,0
DA:37,0
DA:38,0
LF:22
LH:8
BRDA:16,0,0,0
BRDA:16,1,0,0
BRDA:16,1,1,0
BRF:3
BRH:0
end_of_record
